<?xml version="1.0" encoding="UTF-8"?>
<!-- Generated by org.testng.reporters.JUnitReportReporter -->
<testsuite skipped="0" hostname="DESKTOP-EOVFTQQ" name="com.dingtone.HttpClientUtilTest" tests="2" failures="0" timestamp="12 十二月 2018 03:15:31 GMT" time="0.301" errors="1">
  <testcase name="test1" time="0.301" classname="com.dingtone.HttpClientUtilTest">
    <error type="java.lang.IllegalArgumentException" message="Illegal character in scheme name at index 0: 54.241.20.16:8080/dummy/v1/isDummy?trackCode=0">
      <![CDATA[java.lang.IllegalArgumentException: Illegal character in scheme name at index 0: 54.241.20.16:8080/dummy/v1/isDummy?trackCode=0
at java.net.URI.create(URI.java:852)
at org.apache.http.client.methods.HttpPost.<init>(HttpPost.java:73)
at com.dingdong.utils.HttpClientUtil.doPost(HttpClientUtil.java:46)
at com.dingtone.HttpClientUtilTest.test1(HttpClientUtilTest.java:28)
at sun.reflect.NativeMethodAccessorImpl.invoke0(Native Method)
at sun.reflect.NativeMethodAccessorImpl.invoke(NativeMethodAccessorImpl.java:62)
at sun.reflect.DelegatingMethodAccessorImpl.invoke(DelegatingMethodAccessorImpl.java:43)
at java.lang.reflect.Method.invoke(Method.java:498)
at org.testng.internal.MethodInvocationHelper.invokeMethod(MethodInvocationHelper.java:124)
at org.testng.internal.Invoker.invokeMethod(Invoker.java:583)
at org.testng.internal.Invoker.invokeTestMethod(Invoker.java:719)
at org.testng.internal.Invoker.invokeTestMethods(Invoker.java:989)
at org.testng.internal.TestMethodWorker.invokeTestMethods(TestMethodWorker.java:125)
at org.testng.internal.TestMethodWorker.run(TestMethodWorker.java:109)
at org.testng.TestRunner.privateRun(TestRunner.java:648)
at org.testng.TestRunner.run(TestRunner.java:505)
at org.testng.SuiteRunner.runTest(SuiteRunner.java:455)
at org.testng.SuiteRunner.runSequentially(SuiteRunner.java:450)
at org.testng.SuiteRunner.privateRun(SuiteRunner.java:415)
at org.testng.SuiteRunner.run(SuiteRunner.java:364)
at org.testng.SuiteRunnerWorker.runSuite(SuiteRunnerWorker.java:52)
at org.testng.SuiteRunnerWorker.run(SuiteRunnerWorker.java:84)
at org.testng.TestNG.runSuitesSequentially(TestNG.java:1208)
at org.testng.TestNG.runSuitesLocally(TestNG.java:1137)
at org.testng.TestNG.runSuites(TestNG.java:1049)
at org.testng.TestNG.run(TestNG.java:1017)
at org.testng.IDEARemoteTestNG.run(IDEARemoteTestNG.java:72)
at org.testng.RemoteTestNGStarter.main(RemoteTestNGStarter.java:123)
Caused by: java.net.URISyntaxException: Illegal character in scheme name at index 0: 54.241.20.16:8080/dummy/v1/isDummy?trackCode=0
at java.net.URI$Parser.fail(URI.java:2848)
at java.net.URI$Parser.checkChars(URI.java:3021)
at java.net.URI$Parser.checkChar(URI.java:3031)
at java.net.URI$Parser.parse(URI.java:3047)
at java.net.URI.<init>(URI.java:588)
at java.net.URI.create(URI.java:850)
... 27 more
]]>
    </error>
  </testcase> <!-- test1 -->
  <testcase name="test2" time="0.000" classname="com.dingtone.HttpClientUtilTest"/>
</testsuite> <!-- com.dingtone.HttpClientUtilTest -->
